2023-05-13 22:05:975 INFO  LoginPage :38 - Enter username : [[ChromeDriver: chrome on WINDOWS (f311f354f804504ba3aef4ab6e8d3740)] -> xpath: //input[@name='user-name']]
2023-05-13 22:05:175 INFO  LoginPage :47 - Enter password : [[ChromeDriver: chrome on WINDOWS (f311f354f804504ba3aef4ab6e8d3740)] -> xpath: //input[@name='password']]<br>
2023-05-13 22:05:514 INFO  LoginPage :56 - Click on login button : [[ChromeDriver: chrome on WINDOWS (f311f354f804504ba3aef4ab6e8d3740)] -> xpath: //input[@id='login-button']]<br>
2023-05-13 22:05:655 INFO  LoginPage :69 - Getting text from : [[ChromeDriver: chrome on WINDOWS (f311f354f804504ba3aef4ab6e8d3740)] -> xpath: //span[@class='title']]
2023-05-13 22:05:77 INFO  LoginPage :38 - Enter username : [[ChromeDriver: chrome on WINDOWS (db34eace57daf25015e40b1dbea6f75d)] -> xpath: //input[@name='user-name']]
2023-05-13 22:05:268 INFO  LoginPage :47 - Enter password : [[ChromeDriver: chrome on WINDOWS (db34eace57daf25015e40b1dbea6f75d)] -> xpath: //input[@name='password']]<br>
2023-05-13 22:05:600 INFO  LoginPage :56 - Click on login button : [[ChromeDriver: chrome on WINDOWS (db34eace57daf25015e40b1dbea6f75d)] -> xpath: //input[@id='login-button']]<br>
2023-05-13 22:05:641 INFO  LoginPage :38 - Enter username : [[ChromeDriver: chrome on WINDOWS (0dce8fbdf163a13fc48a085d21bc5433)] -> xpath: //input[@name='user-name']]
2023-05-13 22:05:845 INFO  LoginPage :47 - Enter password : [[ChromeDriver: chrome on WINDOWS (0dce8fbdf163a13fc48a085d21bc5433)] -> xpath: //input[@name='password']]<br>
2023-05-13 22:05:220 INFO  LoginPage :56 - Click on login button : [[ChromeDriver: chrome on WINDOWS (0dce8fbdf163a13fc48a085d21bc5433)] -> xpath: //input[@id='login-button']]<br>
2023-05-13 22:05:896 INFO  LoginPage :38 - Enter username : [[ChromeDriver: chrome on WINDOWS (cdf915ae36a5f2d923eab6540d4a47f8)] -> xpath: //input[@name='user-name']]
2023-05-13 22:05:95 INFO  LoginPage :47 - Enter password : [[ChromeDriver: chrome on WINDOWS (cdf915ae36a5f2d923eab6540d4a47f8)] -> xpath: //input[@name='password']]<br>
2023-05-13 22:05:362 INFO  LoginPage :56 - Click on login button : [[ChromeDriver: chrome on WINDOWS (cdf915ae36a5f2d923eab6540d4a47f8)] -> xpath: //input[@id='login-button']]<br>
2023-05-13 22:05:992 INFO  LoginPage :38 - Enter username : [[ChromeDriver: chrome on WINDOWS (4f566328055932db47d83509a113df18)] -> xpath: //input[@name='user-name']]
2023-05-13 22:05:211 INFO  LoginPage :47 - Enter password : [[ChromeDriver: chrome on WINDOWS (4f566328055932db47d83509a113df18)] -> xpath: //input[@name='password']]<br>
2023-05-13 22:05:521 INFO  LoginPage :56 - Click on login button : [[ChromeDriver: chrome on WINDOWS (4f566328055932db47d83509a113df18)] -> xpath: //input[@id='login-button']]<br>
2023-05-13 22:05:790 INFO  LoginPage :38 - Enter username : [[ChromeDriver: chrome on WINDOWS (256ca4a21ad4929c033cb77647adff16)] -> xpath: //input[@name='user-name']]
2023-05-13 22:05:974 INFO  LoginPage :47 - Enter password : [[ChromeDriver: chrome on WINDOWS (256ca4a21ad4929c033cb77647adff16)] -> xpath: //input[@name='password']]<br>
2023-05-13 22:05:301 INFO  LoginPage :56 - Click on login button : [[ChromeDriver: chrome on WINDOWS (256ca4a21ad4929c033cb77647adff16)] -> xpath: //input[@id='login-button']]<br>
2023-05-13 22:05:857 INFO  LoginPage :38 - Enter username : [[ChromeDriver: chrome on WINDOWS (3d83d50d6bd13464e7d9f1cb429739ba)] -> xpath: //input[@name='user-name']]
2023-05-13 22:05:220 INFO  LoginPage :47 - Enter password : [[ChromeDriver: chrome on WINDOWS (3d83d50d6bd13464e7d9f1cb429739ba)] -> xpath: //input[@name='password']]<br>
2023-05-13 22:05:726 INFO  LoginPage :56 - Click on login button : [[ChromeDriver: chrome on WINDOWS (3d83d50d6bd13464e7d9f1cb429739ba)] -> xpath: //input[@id='login-button']]<br>
2023-05-13 22:05:36 INFO  LoginPage :38 - Enter username : [[ChromeDriver: chrome on WINDOWS (44570987beba5d40030a3b24d98d4416)] -> xpath: //input[@name='user-name']]
2023-05-13 22:05:262 INFO  LoginPage :47 - Enter password : [[ChromeDriver: chrome on WINDOWS (44570987beba5d40030a3b24d98d4416)] -> xpath: //input[@name='password']]<br>
2023-05-13 22:05:535 INFO  LoginPage :56 - Click on login button : [[ChromeDriver: chrome on WINDOWS (44570987beba5d40030a3b24d98d4416)] -> xpath: //input[@id='login-button']]<br>
2023-05-13 22:05:628 INFO  LoginPage :38 - Enter username : [[ChromeDriver: chrome on WINDOWS (1540312d4ad591e0a489f2d483233ce7)] -> xpath: //input[@name='user-name']]
2023-05-13 22:05:882 INFO  LoginPage :47 - Enter password : [[ChromeDriver: chrome on WINDOWS (1540312d4ad591e0a489f2d483233ce7)] -> xpath: //input[@name='password']]<br>
2023-05-13 22:05:127 INFO  LoginPage :56 - Click on login button : [[ChromeDriver: chrome on WINDOWS (1540312d4ad591e0a489f2d483233ce7)] -> xpath: //input[@id='login-button']]<br>
2023-05-13 22:05:878 INFO  LoginPage :38 - Enter username : [[ChromeDriver: chrome on WINDOWS (3990f5244467536a613083248fd97db0)] -> xpath: //input[@name='user-name']]
2023-05-13 22:05:122 INFO  LoginPage :47 - Enter password : [[ChromeDriver: chrome on WINDOWS (3990f5244467536a613083248fd97db0)] -> xpath: //input[@name='password']]<br>
2023-05-13 22:05:485 INFO  LoginPage :56 - Click on login button : [[ChromeDriver: chrome on WINDOWS (3990f5244467536a613083248fd97db0)] -> xpath: //input[@id='login-button']]<br>
2023-05-13 22:05:645 INFO  LoginPage :69 - Getting text from : [[ChromeDriver: chrome on WINDOWS (3990f5244467536a613083248fd97db0)] -> xpath: //span[@class='title']]
2023-05-13 23:05:611 INFO  LoginPage :38 - Enter username : [[ChromeDriver: chrome on WINDOWS (d9929c39ff880da3cb0271b8339bba7d)] -> xpath: //input[@name='user-name']]
2023-05-13 23:05:818 INFO  LoginPage :47 - Enter password : [[ChromeDriver: chrome on WINDOWS (d9929c39ff880da3cb0271b8339bba7d)] -> xpath: //input[@name='password']]<br>
2023-05-13 23:05:114 INFO  LoginPage :56 - Click on login button : [[ChromeDriver: chrome on WINDOWS (d9929c39ff880da3cb0271b8339bba7d)] -> xpath: //input[@id='login-button']]<br>
2023-05-13 23:05:212 INFO  LoginPage :69 - Getting text from : [[ChromeDriver: chrome on WINDOWS (d9929c39ff880da3cb0271b8339bba7d)] -> xpath: //span[@class='title']]
2023-05-13 23:05:622 INFO  LoginPage :38 - Enter username : [[ChromeDriver: chrome on WINDOWS (f7d69da8457dd5ae3bcfcf8c68a5929a)] -> xpath: //input[@name='user-name']]
2023-05-13 23:05:810 INFO  LoginPage :47 - Enter password : [[ChromeDriver: chrome on WINDOWS (f7d69da8457dd5ae3bcfcf8c68a5929a)] -> xpath: //input[@name='password']]<br>
2023-05-13 23:05:94 INFO  LoginPage :56 - Click on login button : [[ChromeDriver: chrome on WINDOWS (f7d69da8457dd5ae3bcfcf8c68a5929a)] -> xpath: //input[@id='login-button']]<br>
2023-05-13 23:05:212 INFO  LoginPage :69 - Getting text from : [[ChromeDriver: chrome on WINDOWS (f7d69da8457dd5ae3bcfcf8c68a5929a)] -> xpath: //span[@class='title']]
2023-05-13 23:05:865 INFO  LoginPage :38 - Enter username : [[ChromeDriver: chrome on WINDOWS (1977aaca167e0751097600433b4614e6)] -> xpath: //input[@name='user-name']]
2023-05-13 23:05:102 INFO  LoginPage :47 - Enter password : [[ChromeDriver: chrome on WINDOWS (1977aaca167e0751097600433b4614e6)] -> xpath: //input[@name='password']]<br>
2023-05-13 23:05:454 INFO  LoginPage :56 - Click on login button : [[ChromeDriver: chrome on WINDOWS (1977aaca167e0751097600433b4614e6)] -> xpath: //input[@id='login-button']]<br>
2023-05-13 23:05:588 INFO  LoginPage :69 - Getting text from : [[ChromeDriver: chrome on WINDOWS (1977aaca167e0751097600433b4614e6)] -> xpath: //span[@class='title']]
2023-05-13 23:05:653 INFO  LoginPage :38 - Enter username : [[ChromeDriver: chrome on WINDOWS (1eb7502eb4020c411c87b6ac3e6b4be7)] -> xpath: //input[@name='user-name']]
2023-05-13 23:05:817 INFO  LoginPage :47 - Enter password : [[ChromeDriver: chrome on WINDOWS (1eb7502eb4020c411c87b6ac3e6b4be7)] -> xpath: //input[@name='password']]<br>
2023-05-13 23:05:28 INFO  LoginPage :56 - Click on login button : [[ChromeDriver: chrome on WINDOWS (1eb7502eb4020c411c87b6ac3e6b4be7)] -> xpath: //input[@id='login-button']]<br>
2023-05-13 23:05:105 INFO  LoginPage :69 - Getting text from : [[ChromeDriver: chrome on WINDOWS (1eb7502eb4020c411c87b6ac3e6b4be7)] -> xpath: //span[@class='title']]
2023-05-13 23:05:102 INFO  LoginPage :38 - Enter username : [[ChromeDriver: chrome on WINDOWS (a7c9f36eae9c6d4e49ed14a123932116)] -> xpath: //input[@name='user-name']]
2023-05-13 23:05:348 INFO  LoginPage :47 - Enter password : [[ChromeDriver: chrome on WINDOWS (a7c9f36eae9c6d4e49ed14a123932116)] -> xpath: //input[@name='password']]<br>
2023-05-13 23:05:669 INFO  LoginPage :56 - Click on login button : [[ChromeDriver: chrome on WINDOWS (a7c9f36eae9c6d4e49ed14a123932116)] -> xpath: //input[@id='login-button']]<br>
2023-05-13 23:05:676 INFO  ProductsPage :23 - Verify Products : 
2023-05-13 23:05:310 INFO  LoginPage :38 - Enter username : [[ChromeDriver: chrome on WINDOWS (58a9d21653a52a54ea122693bae1f3e8)] -> xpath: //input[@name='user-name']]
2023-05-13 23:05:449 INFO  LoginPage :47 - Enter password : [[ChromeDriver: chrome on WINDOWS (58a9d21653a52a54ea122693bae1f3e8)] -> xpath: //input[@name='password']]<br>
2023-05-13 23:05:704 INFO  LoginPage :56 - Click on login button : [[ChromeDriver: chrome on WINDOWS (58a9d21653a52a54ea122693bae1f3e8)] -> xpath: //input[@id='login-button']]<br>
2023-05-13 23:05:800 INFO  LoginPage :69 - Getting text from : [[ChromeDriver: chrome on WINDOWS (58a9d21653a52a54ea122693bae1f3e8)] -> xpath: //span[@class='title']]
2023-05-13 23:05:823 INFO  LoginPage :38 - Enter username : [[ChromeDriver: chrome on WINDOWS (0ef58b51d8301e3877cecd29780edbd8)] -> xpath: //input[@name='user-name']]
2023-05-13 23:05:59 INFO  LoginPage :47 - Enter password : [[ChromeDriver: chrome on WINDOWS (0ef58b51d8301e3877cecd29780edbd8)] -> xpath: //input[@name='password']]<br>
2023-05-13 23:05:336 INFO  LoginPage :56 - Click on login button : [[ChromeDriver: chrome on WINDOWS (0ef58b51d8301e3877cecd29780edbd8)] -> xpath: //input[@id='login-button']]<br>
2023-05-13 23:05:344 INFO  ProductsPage :23 - Verify Products : 
2023-05-13 23:05:128 INFO  LoginPage :38 - Enter username : [[ChromeDriver: chrome on WINDOWS (0b7d21e6f007415a703f1b9e4cd82114)] -> xpath: //input[@name='user-name']]
2023-05-13 23:05:310 INFO  LoginPage :47 - Enter password : [[ChromeDriver: chrome on WINDOWS (0b7d21e6f007415a703f1b9e4cd82114)] -> xpath: //input[@name='password']]<br>
2023-05-13 23:05:579 INFO  LoginPage :56 - Click on login button : [[ChromeDriver: chrome on WINDOWS (0b7d21e6f007415a703f1b9e4cd82114)] -> xpath: //input[@id='login-button']]<br>
2023-05-13 23:05:589 INFO  ProductsPage :23 - Verify Products : 
2023-05-13 23:05:836 INFO  LoginPage :38 - Enter username : [[ChromeDriver: chrome on WINDOWS (8d578cff4ef5f75d01eb60d140361c68)] -> xpath: //input[@name='user-name']]
2023-05-13 23:05:118 INFO  LoginPage :47 - Enter password : [[ChromeDriver: chrome on WINDOWS (8d578cff4ef5f75d01eb60d140361c68)] -> xpath: //input[@name='password']]<br>
2023-05-13 23:05:411 INFO  LoginPage :56 - Click on login button : [[ChromeDriver: chrome on WINDOWS (8d578cff4ef5f75d01eb60d140361c68)] -> xpath: //input[@id='login-button']]<br>
2023-05-13 23:05:521 INFO  LoginPage :69 - Getting text from : [[ChromeDriver: chrome on WINDOWS (8d578cff4ef5f75d01eb60d140361c68)] -> xpath: //span[@class='title']]
2023-05-13 23:05:35 INFO  LoginPage :38 - Enter username : [[ChromeDriver: chrome on WINDOWS (bb20dfaef1b8478f266b479b6ef6e20a)] -> xpath: //input[@name='user-name']]
2023-05-13 23:05:282 INFO  LoginPage :47 - Enter password : [[ChromeDriver: chrome on WINDOWS (bb20dfaef1b8478f266b479b6ef6e20a)] -> xpath: //input[@name='password']]<br>
2023-05-13 23:05:594 INFO  LoginPage :56 - Click on login button : [[ChromeDriver: chrome on WINDOWS (bb20dfaef1b8478f266b479b6ef6e20a)] -> xpath: //input[@id='login-button']]<br>
2023-05-13 23:05:718 INFO  LoginPage :69 - Getting text from : [[ChromeDriver: chrome on WINDOWS (bb20dfaef1b8478f266b479b6ef6e20a)] -> xpath: //span[@class='title']]
2023-05-13 23:05:317 INFO  LoginPage :38 - Enter username : [[ChromeDriver: chrome on WINDOWS (b494aab1fd6937928cde6d1aaec76023)] -> xpath: //input[@name='user-name']]
2023-05-13 23:05:626 INFO  LoginPage :47 - Enter password : [[ChromeDriver: chrome on WINDOWS (b494aab1fd6937928cde6d1aaec76023)] -> xpath: //input[@name='password']]<br>
2023-05-13 23:05:960 INFO  LoginPage :56 - Click on login button : [[ChromeDriver: chrome on WINDOWS (b494aab1fd6937928cde6d1aaec76023)] -> xpath: //input[@id='login-button']]<br>
2023-05-13 23:05:967 INFO  ProductsPage :23 - Verify Products : 
2023-05-13 23:05:955 INFO  LoginPage :38 - Enter username : [[ChromeDriver: chrome on WINDOWS (2e6f7baa735e151ef3f8c6eb3567673c)] -> xpath: //input[@name='user-name']]
2023-05-13 23:05:180 INFO  LoginPage :47 - Enter password : [[ChromeDriver: chrome on WINDOWS (2e6f7baa735e151ef3f8c6eb3567673c)] -> xpath: //input[@name='password']]<br>
2023-05-13 23:05:452 INFO  LoginPage :56 - Click on login button : [[ChromeDriver: chrome on WINDOWS (2e6f7baa735e151ef3f8c6eb3567673c)] -> xpath: //input[@id='login-button']]<br>
2023-05-13 23:05:461 INFO  ProductsPage :23 - Verify Products : 
2023-05-13 23:05:48 INFO  LoginPage :38 - Enter username : [[ChromeDriver: chrome on WINDOWS (8a58bb2534767d355477e1b57c47264f)] -> xpath: //input[@name='user-name']]
2023-05-13 23:05:252 INFO  LoginPage :47 - Enter password : [[ChromeDriver: chrome on WINDOWS (8a58bb2534767d355477e1b57c47264f)] -> xpath: //input[@name='password']]<br>
2023-05-13 23:05:605 INFO  LoginPage :56 - Click on login button : [[ChromeDriver: chrome on WINDOWS (8a58bb2534767d355477e1b57c47264f)] -> xpath: //input[@id='login-button']]<br>
2023-05-13 23:05:745 INFO  LoginPage :69 - Getting text from : [[ChromeDriver: chrome on WINDOWS (8a58bb2534767d355477e1b57c47264f)] -> xpath: //span[@class='title']]
2023-05-13 23:05:816 INFO  LoginPage :38 - Enter username : [[ChromeDriver: chrome on WINDOWS (37941ab8963d022920076f1122faface)] -> xpath: //input[@name='user-name']]
2023-05-13 23:05:52 INFO  LoginPage :47 - Enter password : [[ChromeDriver: chrome on WINDOWS (37941ab8963d022920076f1122faface)] -> xpath: //input[@name='password']]<br>
2023-05-13 23:05:350 INFO  LoginPage :56 - Click on login button : [[ChromeDriver: chrome on WINDOWS (37941ab8963d022920076f1122faface)] -> xpath: //input[@id='login-button']]<br>
2023-05-13 23:05:360 INFO  ProductsPage :23 - Verify Products : 
